
main.axf:     file format elf32-littlearm


Disassembly of section .text:

00000000 <_start_text>:
   0:	20008000 	.word	0x20008000
   4:	00000285 	.word	0x00000285
   8:	00000309 	.word	0x00000309
   c:	00000311 	.word	0x00000311
  10:	00000319 	.word	0x00000319
  14:	00000319 	.word	0x00000319
  18:	00000319 	.word	0x00000319
	...
  2c:	00000319 	.word	0x00000319
  30:	00000319 	.word	0x00000319
  34:	00000000 	.word	0x00000000
  38:	00000319 	.word	0x00000319
  3c:	00000319 	.word	0x00000319
  40:	00000319 	.word	0x00000319
  44:	00000319 	.word	0x00000319
  48:	00000319 	.word	0x00000319
  4c:	00000319 	.word	0x00000319
  50:	00000319 	.word	0x00000319
  54:	00000319 	.word	0x00000319
  58:	00000319 	.word	0x00000319
  5c:	00000319 	.word	0x00000319
  60:	00000319 	.word	0x00000319
	...
  78:	00000319 	.word	0x00000319
  7c:	00000319 	.word	0x00000319
  80:	00000319 	.word	0x00000319
  84:	00000319 	.word	0x00000319
  88:	00000319 	.word	0x00000319
  8c:	00000319 	.word	0x00000319
  90:	00000319 	.word	0x00000319
  94:	00000319 	.word	0x00000319
  98:	00000319 	.word	0x00000319
  9c:	00000319 	.word	0x00000319
  a0:	00000319 	.word	0x00000319
  a4:	00000319 	.word	0x00000319
  a8:	00000319 	.word	0x00000319
  ac:	00000000 	.word	0x00000000
  b0:	00000319 	.word	0x00000319
  b4:	00000319 	.word	0x00000319
  b8:	00000319 	.word	0x00000319
	...
  c4:	00000319 	.word	0x00000319
  c8:	00000319 	.word	0x00000319
  cc:	00000319 	.word	0x00000319
  d0:	00000319 	.word	0x00000319
  d4:	00000319 	.word	0x00000319
  d8:	00000000 	.word	0x00000000
  dc:	00000319 	.word	0x00000319
	...
  ec:	00000319 	.word	0x00000319
  f0:	00000319 	.word	0x00000319
  f4:	00000000 	.word	0x00000000
  f8:	00000319 	.word	0x00000319
  fc:	00000319 	.word	0x00000319
 100:	00000319 	.word	0x00000319
 104:	00000319 	.word	0x00000319
 108:	00000319 	.word	0x00000319
 10c:	00000319 	.word	0x00000319
	...
 124:	00000319 	.word	0x00000319
 128:	00000319 	.word	0x00000319
 12c:	00000319 	.word	0x00000319
 130:	00000319 	.word	0x00000319
 134:	00000319 	.word	0x00000319
 138:	00000319 	.word	0x00000319
 13c:	00000319 	.word	0x00000319
	...
 150:	00000319 	.word	0x00000319
 154:	00000319 	.word	0x00000319
 158:	00000319 	.word	0x00000319
 15c:	00000319 	.word	0x00000319
	...
 1b0:	00000319 	.word	0x00000319
 1b4:	00000319 	.word	0x00000319
 1b8:	00000319 	.word	0x00000319
 1bc:	00000319 	.word	0x00000319
 1c0:	00000319 	.word	0x00000319
 1c4:	00000319 	.word	0x00000319
 1c8:	00000319 	.word	0x00000319
 1cc:	00000319 	.word	0x00000319
 1d0:	00000319 	.word	0x00000319
 1d4:	00000319 	.word	0x00000319
 1d8:	00000319 	.word	0x00000319
 1dc:	00000319 	.word	0x00000319
 1e0:	00000319 	.word	0x00000319
 1e4:	00000319 	.word	0x00000319
 1e8:	00000319 	.word	0x00000319
	...

0000026c <main>:
 26c:	b480      	push	{r7}
 26e:	b083      	sub	sp, #12
 270:	af00      	add	r7, sp, #0
 272:	f04f 0300 	mov.w	r3, #0
 276:	607b      	str	r3, [r7, #4]
 278:	687b      	ldr	r3, [r7, #4]
 27a:	f103 0301 	add.w	r3, r3, #1
 27e:	607b      	str	r3, [r7, #4]
 280:	e7fa      	b.n	278 <main+0xc>
 282:	bf00      	nop

00000284 <rst_handler>:
 284:	b580      	push	{r7, lr}
 286:	b082      	sub	sp, #8
 288:	af00      	add	r7, sp, #0
 28a:	f240 3320 	movw	r3, #800	; 0x320
 28e:	f2c0 0300 	movt	r3, #0
 292:	607b      	str	r3, [r7, #4]
 294:	f240 0300 	movw	r3, #0
 298:	f2c2 0300 	movt	r3, #8192	; 0x2000
 29c:	603b      	str	r3, [r7, #0]
 29e:	e00b      	b.n	2b8 <rst_handler+0x34>
 2a0:	687b      	ldr	r3, [r7, #4]
 2a2:	681a      	ldr	r2, [r3, #0]
 2a4:	683b      	ldr	r3, [r7, #0]
 2a6:	601a      	str	r2, [r3, #0]
 2a8:	683b      	ldr	r3, [r7, #0]
 2aa:	f103 0304 	add.w	r3, r3, #4
 2ae:	603b      	str	r3, [r7, #0]
 2b0:	687b      	ldr	r3, [r7, #4]
 2b2:	f103 0304 	add.w	r3, r3, #4
 2b6:	607b      	str	r3, [r7, #4]
 2b8:	f240 0300 	movw	r3, #0
 2bc:	f2c2 0300 	movt	r3, #8192	; 0x2000
 2c0:	681b      	ldr	r3, [r3, #0]
 2c2:	461a      	mov	r2, r3
 2c4:	683b      	ldr	r3, [r7, #0]
 2c6:	429a      	cmp	r2, r3
 2c8:	d8ea      	bhi.n	2a0 <rst_handler+0x1c>
 2ca:	f240 0300 	movw	r3, #0
 2ce:	f2c2 0300 	movt	r3, #8192	; 0x2000
 2d2:	681b      	ldr	r3, [r3, #0]
 2d4:	603b      	str	r3, [r7, #0]
 2d6:	e007      	b.n	2e8 <rst_handler+0x64>
 2d8:	683b      	ldr	r3, [r7, #0]
 2da:	f04f 0200 	mov.w	r2, #0
 2de:	601a      	str	r2, [r3, #0]
 2e0:	683b      	ldr	r3, [r7, #0]
 2e2:	f103 0304 	add.w	r3, r3, #4
 2e6:	603b      	str	r3, [r7, #0]
 2e8:	f240 0300 	movw	r3, #0
 2ec:	f2c2 0300 	movt	r3, #8192	; 0x2000
 2f0:	681b      	ldr	r3, [r3, #0]
 2f2:	461a      	mov	r2, r3
 2f4:	683b      	ldr	r3, [r7, #0]
 2f6:	429a      	cmp	r2, r3
 2f8:	d8ee      	bhi.n	2d8 <rst_handler+0x54>
 2fa:	f7ff ffb7 	bl	26c <main>
 2fe:	f107 0708 	add.w	r7, r7, #8
 302:	46bd      	mov	sp, r7
 304:	bd80      	pop	{r7, pc}
 306:	bf00      	nop

00000308 <nmi_handler>:
 308:	b480      	push	{r7}
 30a:	af00      	add	r7, sp, #0
 30c:	e7fe      	b.n	30c <nmi_handler+0x4>
 30e:	bf00      	nop

00000310 <hardfault_handler>:
 310:	b480      	push	{r7}
 312:	af00      	add	r7, sp, #0
 314:	e7fe      	b.n	314 <hardfault_handler+0x4>
 316:	bf00      	nop

00000318 <empty_def_handler>:
 318:	b480      	push	{r7}
 31a:	af00      	add	r7, sp, #0
 31c:	e7fe      	b.n	31c <empty_def_handler+0x4>
 31e:	bf00      	nop
